<?xml version="1.0" encoding="UTF-8"?>
<!-- Generated by org.testng.reporters.JUnitReportReporter -->
<testsuite hostname="Adhishs-MacBook-Pro.local" failures="0" tests="3" name="Tests.SubmitOrderTest" time="70.318" errors="0" timestamp="2025-08-19T11:34:23 IST" skipped="0">
  <testcase classname="Tests.SubmitOrderTest" name="submitOrder" time="42.825"/>
  <testcase classname="Tests.SubmitOrderTest" name="submitOrder" time="24.843"/>
  <testcase classname="Tests.SubmitOrderTest" name="OrderHistoryTest" time="2.650"/>
</testsuite> <!-- Tests.SubmitOrderTest -->
