<?xml version="1.0" encoding="UTF-8"?>
<!-- Generated by org.testng.reporters.JUnitReportReporter -->
<testsuite hostname="Adhishs-MacBook-Pro.local" failures="0" tests="3" name="Tests.SubmitOrderTest" time="71.584" errors="0" timestamp="2025-08-25T14:22:08 IST" skipped="0">
  <testcase classname="Tests.SubmitOrderTest" name="submitOrder" time="28.309"/>
  <testcase classname="Tests.SubmitOrderTest" name="submitOrder" time="38.031"/>
  <testcase classname="Tests.SubmitOrderTest" name="OrderHistoryTest" time="5.244"/>
</testsuite> <!-- Tests.SubmitOrderTest -->
